This file contains any messages produced by compilers while
running configure, to aid debugging if configure makes a mistake.

It was created by Pedal_Power_Interface_v4 configure 0.1, which was
generated by GNU Autoconf 2.68.  Invocation command line was

  $ ./configure --enable-maintainer-mode

## --------- ##
## Platform. ##
## --------- ##

hostname = lappy
uname -m = x86_64
uname -r = 2.6.35-trunk-amd64
uname -s = Linux
uname -v = #1 SMP Mon Sep 6 15:15:26 UTC 2010

/usr/bin/uname -p = unknown
/bin/uname -X     = unknown

/bin/arch              = unknown
/usr/bin/arch -k       = unknown
/usr/convex/getsysinfo = unknown
/usr/bin/hostinfo      = unknown
/bin/machine           = unknown
/usr/bin/oslevel       = unknown
/bin/universe          = unknown

PATH: /home/dan/.rvm/gems/ruby-1.8.7-p299@rails2/bin
PATH: /home/dan/.rvm/gems/ruby-1.8.7-p299@global/bin
PATH: /home/dan/.rvm/rubies/ruby-1.8.7-p299/bin
PATH: /home/dan/.rvm/bin
PATH: /usr/local/bin
PATH: /usr/bin
PATH: /bin
PATH: /usr/games
PATH: /home/dan/scripts


## ----------- ##
## Core tests. ##
## ----------- ##

configure:1744: checking for a BSD-compatible install
configure:1812: result: /usr/bin/install -c
configure:1823: checking whether build environment is sane
configure:1873: result: yes
configure:2014: checking for a thread-safe mkdir -p
configure:2053: result: /bin/mkdir -p
configure:2066: checking for gawk
configure:2096: result: no
configure:2066: checking for mawk
configure:2082: found /usr/bin/mawk
configure:2093: result: mawk
configure:2104: checking whether make sets $(MAKE)
configure:2126: result: yes
configure:2207: checking whether to enable maintainer-specific portions of Makefiles
configure:2216: result: yes
configure:2232: checking for pkg-config
configure:2250: found /usr/bin/pkg-config
configure:2263: result: /usr/bin/pkg-config
configure:2324: checking for gmcs
configure:2342: found /usr/bin/gmcs
configure:2355: result: /usr/bin/gmcs
configure:2590: creating ./config.status

## ---------------------- ##
## Running config.status. ##
## ---------------------- ##

This file was extended by Pedal_Power_Interface_v4 config.status 0.1, which was
generated by GNU Autoconf 2.68.  Invocation command line was

  CONFIG_FILES    = 
  CONFIG_HEADERS  = 
  CONFIG_LINKS    = 
  CONFIG_COMMANDS = 
  $ ./config.status 

on lappy

config.status:764: creating Pedal_Power_Interface_v2/pedal_power_interface_v4
config.status:764: creating Pedal_Power_Interface_v2/Makefile
config.status:764: creating Makefile

## ---------------- ##
## Cache variables. ##
## ---------------- ##

ac_cv_env_build_alias_set=
ac_cv_env_build_alias_value=
ac_cv_env_host_alias_set=
ac_cv_env_host_alias_value=
ac_cv_env_target_alias_set=
ac_cv_env_target_alias_value=
ac_cv_path_GMCS=/usr/bin/gmcs
ac_cv_path_PKG_CONFIG=/usr/bin/pkg-config
ac_cv_path_install='/usr/bin/install -c'
ac_cv_path_mkdir=/bin/mkdir
ac_cv_prog_AWK=mawk
ac_cv_prog_make_make_set=yes

## ----------------- ##
## Output variables. ##
## ----------------- ##

ACLOCAL='${SHELL} /home/dan/pedalog/pedalog-interface/missing --run aclocal-1.11'
AMTAR='${SHELL} /home/dan/pedalog/pedalog-interface/missing --run tar'
AUTOCONF='${SHELL} /home/dan/pedalog/pedalog-interface/missing --run autoconf'
AUTOHEADER='${SHELL} /home/dan/pedalog/pedalog-interface/missing --run autoheader'
AUTOMAKE='${SHELL} /home/dan/pedalog/pedalog-interface/missing --run automake-1.11'
AWK='mawk'
CYGPATH_W='echo'
DEFS='-DPACKAGE_NAME=\"Pedal_Power_Interface_v4\" -DPACKAGE_TARNAME=\"pedal_power_interface_v4\" -DPACKAGE_VERSION=\"0.1\" -DPACKAGE_STRING=\"Pedal_Power_Interface_v4\ 0.1\" -DPACKAGE_BUGREPORT=\"\" -DPACKAGE_URL=\"\" -DPACKAGE=\"pedal_power_interface_v4\" -DVERSION=\"0.1\"'
ECHO_C=''
ECHO_N='-n'
ECHO_T=''
ENABLE_DEBUG_FALSE=''
ENABLE_DEBUG_TRUE='#'
ENABLE_RELEASE_FALSE='#'
ENABLE_RELEASE_TRUE=''
GMCS='/usr/bin/gmcs'
INSTALL_DATA='${INSTALL} -m 644'
INSTALL_PROGRAM='${INSTALL}'
INSTALL_SCRIPT='${INSTALL}'
INSTALL_STRIP_PROGRAM='$(install_sh) -c -s'
LIBOBJS=''
LIBS=''
LTLIBOBJS=''
MAINT=''
MAINTAINER_MODE_FALSE='#'
MAINTAINER_MODE_TRUE=''
MAKEINFO='${SHELL} /home/dan/pedalog/pedalog-interface/missing --run makeinfo'
MKDIR_P='/bin/mkdir -p'
PACKAGE='pedal_power_interface_v4'
PACKAGE_BUGREPORT=''
PACKAGE_NAME='Pedal_Power_Interface_v4'
PACKAGE_STRING='Pedal_Power_Interface_v4 0.1'
PACKAGE_TARNAME='pedal_power_interface_v4'
PACKAGE_URL=''
PACKAGE_VERSION='0.1'
PATH_SEPARATOR=':'
PKG_CONFIG='/usr/bin/pkg-config'
SET_MAKE=''
SHELL='/bin/bash'
STRIP=''
VERSION='0.1'
am__isrc=''
am__leading_dot='.'
am__tar='${AMTAR} chof - "$$tardir"'
am__untar='${AMTAR} xf -'
bindir='${exec_prefix}/bin'
build_alias=''
datadir='${datarootdir}'
datarootdir='${prefix}/share'
docdir='${datarootdir}/doc/${PACKAGE_TARNAME}'
dvidir='${docdir}'
exec_prefix='/usr/local'
expanded_bindir='/usr/local/bin'
expanded_datadir='/usr/local/share'
expanded_libdir='/usr/local/lib'
host_alias=''
htmldir='${docdir}'
includedir='${prefix}/include'
infodir='${datarootdir}/info'
install_sh='${SHELL} /home/dan/pedalog/pedalog-interface/install-sh'
libdir='${exec_prefix}/lib'
libexecdir='${exec_prefix}/libexec'
localedir='${datarootdir}/locale'
localstatedir='${prefix}/var'
mandir='${datarootdir}/man'
mkdir_p='/bin/mkdir -p'
oldincludedir='/usr/include'
pdfdir='${docdir}'
prefix='/usr/local'
program_transform_name='s,x,x,'
psdir='${docdir}'
sbindir='${exec_prefix}/sbin'
sharedstatedir='${prefix}/com'
sysconfdir='${prefix}/etc'
target_alias=''

## ----------- ##
## confdefs.h. ##
## ----------- ##

/* confdefs.h */
#define PACKAGE_NAME "Pedal_Power_Interface_v4"
#define PACKAGE_TARNAME "pedal_power_interface_v4"
#define PACKAGE_VERSION "0.1"
#define PACKAGE_STRING "Pedal_Power_Interface_v4 0.1"
#define PACKAGE_BUGREPORT ""
#define PACKAGE_URL ""
#define PACKAGE "pedal_power_interface_v4"
#define VERSION "0.1"

configure: exit 0
